<?xml version="1.0" encoding="UTF-8"?>
<!-- Generated by org.testng.reporters.JUnitReportReporter -->
<testsuite skipped="0" hostname="DESKTOP-NRJ0BTE" name="hw7_2_2022_tests.FormTest" tests="1" failures="0" timestamp="2022-02-09T14:03:33 CET" time="15.689" errors="0">
  <testcase name="Form" time="15.689" classname="hw7_2_2022_tests.FormTest"/>
  <system-out/>
</testsuite> <!-- hw7_2_2022_tests.FormTest -->
